Using pre-set license
Built from '2021.3/release' branch; Version is '2021.3.12f1 (8af3c3e441b1) revision 9106371'; Using compiler version '192829333'; Build Type 'Release'
OS: 'Windows 10  (10.0.19044) 64bit Professional' Language: 'fi' Physical Memory: 16325 MB
BatchMode: 1, IsHumanControllingUs: 0, StartBugReporterOnCrash: 0, Is64bit: 1, IsPro: 1

COMMAND LINE ARGUMENTS:
C:\Program Files\Unity\Hub\Editor\2021.3.12f1\Editor\Unity.exe
-adb2
-batchMode
-noUpm
-name
AssetImportWorker0
-projectPath
C:/Users/nikoa/source/repos/udemyharj/unity/experimenting
-logFile
Logs/AssetImportWorker0.log
-srvPort
59289
Successfully changed project path to: C:/Users/nikoa/source/repos/udemyharj/unity/experimenting
C:/Users/nikoa/source/repos/udemyharj/unity/experimenting
[UnityMemory] Configuration Parameters - Can be set up in boot.config
    "memorysetup-bucket-allocator-granularity=16"
    "memorysetup-bucket-allocator-bucket-count=8"
    "memorysetup-bucket-allocator-block-size=33554432"
    "memorysetup-bucket-allocator-block-count=8"
    "memorysetup-main-allocator-block-size=16777216"
    "memorysetup-thread-allocator-block-size=16777216"
    "memorysetup-gfx-main-allocator-block-size=16777216"
    "memorysetup-gfx-thread-allocator-block-size=16777216"
    "memorysetup-cache-allocator-block-size=4194304"
    "memorysetup-typetree-allocator-block-size=2097152"
    "memorysetup-profiler-bucket-allocator-granularity=16"
    "memorysetup-profiler-bucket-allocator-bucket-count=8"
    "memorysetup-profiler-bucket-allocator-block-size=33554432"
    "memorysetup-profiler-bucket-allocator-block-count=8"
    "memorysetup-profiler-allocator-block-size=16777216"
    "memorysetup-profiler-editor-allocator-block-size=1048576"
    "memorysetup-temp-allocator-size-main=16777216"
    "memorysetup-job-temp-allocator-block-size=2097152"
    "memorysetup-job-temp-allocator-block-size-background=1048576"
    "memorysetup-job-temp-allocator-reduction-small-platforms=262144"
    "memorysetup-temp-allocator-size-background-worker=32768"
    "memorysetup-temp-allocator-size-job-worker=262144"
    "memorysetup-temp-allocator-size-preload-manager=33554432"
    "memorysetup-temp-allocator-size-nav-mesh-worker=65536"
    "memorysetup-temp-allocator-size-audio-worker=65536"
    "memorysetup-temp-allocator-size-cloud-worker=32768"
    "memorysetup-temp-allocator-size-gi-baking-worker=262144"
    "memorysetup-temp-allocator-size-gfx=262144"
Refreshing native plugins compatible for Editor in 81.61 ms, found 3 plugins.
Preloading 0 native plugins for Editor in 0.00 ms.
Initialize engine version: 2021.3.12f1 (8af3c3e441b1)
[Subsystems] Discovering subsystems at path C:/Program Files/Unity/Hub/Editor/2021.3.12f1/Editor/Data/Resources/UnitySubsystems
[Subsystems] Discovering subsystems at path C:/Users/nikoa/source/repos/udemyharj/unity/experimenting/Assets
GfxDevice: creating device client; threaded=0; jobified=0
Direct3D:
    Version:  Direct3D 11.0 [level 11.1]
    Renderer: NVIDIA GeForce GTX 1060 3GB (ID=0x1c02)
    Vendor:   NVIDIA
    VRAM:     2988 MB
    Driver:   31.0.15.2225
Initialize mono
Mono path[0] = 'C:/Program Files/Unity/Hub/Editor/2021.3.12f1/Editor/Data/Managed'
Mono path[1] = 'C:/Program Files/Unity/Hub/Editor/2021.3.12f1/Editor/Data/MonoBleedingEdge/lib/mono/unityjit-win32'
Mono config path = 'C:/Program Files/Unity/Hub/Editor/2021.3.12f1/Editor/Data/MonoBleedingEdge/etc'
Using monoOptions --debugger-agent=transport=dt_socket,embedding=1,server=y,suspend=n,address=127.0.0.1:56460
Begin MonoManager ReloadAssembly
Registering precompiled unity dll's ...
Register platform support module: C:/Program Files/Unity/Hub/Editor/2021.3.12f1/Editor/Data/PlaybackEngines/WebGLSupport/UnityEditor.WebGL.Extensions.dll
Register platform support module: C:/Program Files/Unity/Hub/Editor/2021.3.12f1/Editor/Data/PlaybackEngines/WindowsStandaloneSupport/UnityEditor.WindowsStandalone.Extensions.dll
Registered in 0.008358 seconds.
Native extension for WindowsStandalone target not found
Native extension for WebGL target not found
Refreshing native plugins compatible for Editor in 145.84 ms, found 3 plugins.
Preloading 0 native plugins for Editor in 0.00 ms.
Mono: successfully reloaded assembly
- Completed reload, in  0.789 seconds
Domain Reload Profiling:
	ReloadAssembly (789ms)
		BeginReloadAssembly (81ms)
			ExecutionOrderSort (0ms)
			DisableScriptedObjects (0ms)
			BackupInstance (0ms)
			ReleaseScriptingObjects (0ms)
			CreateAndSetChildDomain (1ms)
		EndReloadAssembly (580ms)
			LoadAssemblies (78ms)
			RebuildTransferFunctionScriptingTraits (0ms)
			SetupTypeCache (125ms)
			ReleaseScriptCaches (0ms)
			RebuildScriptCaches (30ms)
			SetupLoadedEditorAssemblies (366ms)
				LogAssemblyErrors (0ms)
				InitializePlatformSupportModulesInManaged (11ms)
				SetLoadedEditorAssemblies (0ms)
				RefreshPlugins (146ms)
				BeforeProcessingInitializeOnLoad (1ms)
				ProcessInitializeOnLoadAttributes (155ms)
				ProcessInitializeOnLoadMethodAttributes (53ms)
				AfterProcessingInitializeOnLoad (0ms)
				EditorAssembliesLoaded (0ms)
			ExecutionOrderSort2 (0ms)
			AwakeInstancesAfterBackupRestoration (0ms)
Platform modules already initialized, skipping
Registering precompiled user dll's ...
Registered in 0.005908 seconds.
Begin MonoManager ReloadAssembly
Symbol file LoadedFromMemory doesn't match image C:\Users\nikoa\source\repos\udemyharj\unity\experimenting\Library\PackageCache\com.unity.visualscripting@1.7.8\Editor\VisualScripting.Core\Dependencies\YamlDotNet\Unity.VisualScripting.YamlDotNet.dll
Symbol file LoadedFromMemory doesn't match image C:\Users\nikoa\source\repos\udemyharj\unity\experimenting\Library\PackageCache\com.unity.visualscripting@1.7.8\Editor\VisualScripting.Core\Dependencies\DotNetZip\Unity.VisualScripting.IonicZip.dll
Native extension for WindowsStandalone target not found
Native extension for WebGL target not found
Refreshing native plugins compatible for Editor in 0.73 ms, found 3 plugins.
Preloading 0 native plugins for Editor in 0.00 ms.
Mono: successfully reloaded assembly
- Completed reload, in  1.155 seconds
Domain Reload Profiling:
	ReloadAssembly (1156ms)
		BeginReloadAssembly (119ms)
			ExecutionOrderSort (0ms)
			DisableScriptedObjects (6ms)
			BackupInstance (0ms)
			ReleaseScriptingObjects (0ms)
			CreateAndSetChildDomain (22ms)
		EndReloadAssembly (887ms)
			LoadAssemblies (87ms)
			RebuildTransferFunctionScriptingTraits (0ms)
			SetupTypeCache (298ms)
			ReleaseScriptCaches (1ms)
			RebuildScriptCaches (60ms)
			SetupLoadedEditorAssemblies (403ms)
				LogAssemblyErrors (0ms)
				InitializePlatformSupportModulesInManaged (8ms)
				SetLoadedEditorAssemblies (1ms)
				RefreshPlugins (1ms)
				BeforeProcessingInitializeOnLoad (95ms)
				ProcessInitializeOnLoadAttributes (259ms)
				ProcessInitializeOnLoadMethodAttributes (30ms)
				AfterProcessingInitializeOnLoad (10ms)
				EditorAssembliesLoaded (0ms)
			ExecutionOrderSort2 (0ms)
			AwakeInstancesAfterBackupRestoration (6ms)
Platform modules already initialized, skipping
========================================================================
Worker process is ready to serve import requests
Launched and connected shader compiler UnityShaderCompiler.exe after 0.04 seconds
Refreshing native plugins compatible for Editor in 0.77 ms, found 3 plugins.
Preloading 0 native plugins for Editor in 0.00 ms.
Unloading 3381 Unused Serialized files (Serialized files now loaded: 0)
Unloading 27 unused Assets / (113.4 KB). Loaded Objects now: 3838.
Memory consumption went from 116.2 MB to 116.1 MB.
Total: 3.475400 ms (FindLiveObjects: 0.537100 ms CreateObjectMapping: 0.307500 ms MarkObjects: 2.506000 ms  DeleteObjects: 0.124000 ms)

AssetImportParameters requested are different than current active one (requested -> active):
  custom:video-decoder-ogg-theora: a1e56fd34408186e4bbccfd4996cb3dc -> 
  custom:container-muxer-webm: aa71ff27fc2769a1b78a27578f13a17b -> 
  custom:container-demuxer-webm: 4f35f7cbe854078d1ac9338744f61a02 -> 
  custom:video-encoder-webm-vp8: eb34c28f22e8b96e1ab97ce403110664 -> 
  custom:audio-encoder-webm-vorbis: bf7c407c2cedff20999df2af8eb42d56 -> 
  custom:framework-win-MediaFoundation: 216162199b28c13a410421893ffa2e32 -> 
  custom:container-demuxer-ogg: 62fdf1f143b41e24485cea50d1cbac27 -> 
  custom:video-decoder-webm-vp8: 9c59270c3fd7afecdb556c50c9e8de78 -> 
  custom:audio-decoder-ogg-vorbis: bf7c407c2cedff20999df2af8eb42d56 -> 
========================================================================
Received Import Request.
  Time since last request: 233828.274314 seconds.
  path: Assets/Scenes/Car.prefab
  artifactKey: Guid(7ca4c0e79cffe794fb6dc573365e7dfd) Importer(815301076,1909f56bfc062723c751e8b465ee728b)
Start importing Assets/Scenes/Car.prefab using Guid(7ca4c0e79cffe794fb6dc573365e7dfd) Importer(815301076,1909f56bfc062723c751e8b465ee728b)  -> (artifact id: '728d533667f7aba6a7fba8dd0231ec3a') in 0.140402 seconds 
========================================================================
Received Import Request.
  Time since last request: 19.547316 seconds.
  path: Assets/Car.prefab
  artifactKey: Guid(e8561d6dfd34b8a4ba17b3f8aa623371) Importer(815301076,1909f56bfc062723c751e8b465ee728b)
Start importing Assets/Car.prefab using Guid(e8561d6dfd34b8a4ba17b3f8aa623371) Importer(815301076,1909f56bfc062723c751e8b465ee728b)  -> (artifact id: '86be00d01cc8e10bb7e6e89669b4babf') in 0.013850 seconds 
========================================================================
Received Import Request.
  Time since last request: 413.924094 seconds.
  path: Assets/Car.prefab
  artifactKey: Guid(e8561d6dfd34b8a4ba17b3f8aa623371) Importer(815301076,1909f56bfc062723c751e8b465ee728b)
Start importing Assets/Car.prefab using Guid(e8561d6dfd34b8a4ba17b3f8aa623371) Importer(815301076,1909f56bfc062723c751e8b465ee728b)  -> (artifact id: '582ebfc382a27d2acb7e47e7ed05b03c') in 0.012475 seconds 
========================================================================
Received Import Request.
  Time since last request: 10.865475 seconds.
  path: Assets/Car.prefab
  artifactKey: Guid(e8561d6dfd34b8a4ba17b3f8aa623371) Importer(815301076,1909f56bfc062723c751e8b465ee728b)
Start importing Assets/Car.prefab using Guid(e8561d6dfd34b8a4ba17b3f8aa623371) Importer(815301076,1909f56bfc062723c751e8b465ee728b)  -> (artifact id: 'a2656674c09093f2d3ff7c0ebd99b576') in 0.011436 seconds 
========================================================================
Received Import Request.
  Time since last request: 623.320056 seconds.
  path: Assets/Car.prefab
  artifactKey: Guid(e8561d6dfd34b8a4ba17b3f8aa623371) Importer(815301076,1909f56bfc062723c751e8b465ee728b)
Start importing Assets/Car.prefab using Guid(e8561d6dfd34b8a4ba17b3f8aa623371) Importer(815301076,1909f56bfc062723c751e8b465ee728b)  -> (artifact id: '8ab4f06da0b47969794acfc5553217e4') in 0.013323 seconds 
========================================================================
Received Import Request.
  Time since last request: 36.874372 seconds.
  path: Assets/Car.prefab
  artifactKey: Guid(e8561d6dfd34b8a4ba17b3f8aa623371) Importer(815301076,1909f56bfc062723c751e8b465ee728b)
Start importing Assets/Car.prefab using Guid(e8561d6dfd34b8a4ba17b3f8aa623371) Importer(815301076,1909f56bfc062723c751e8b465ee728b)  -> (artifact id: '5d89f6923549d4ebb9c9758bcab10d1f') in 0.010931 seconds 
========================================================================
Received Import Request.
  Time since last request: 5.202332 seconds.
  path: Assets/Car.prefab
  artifactKey: Guid(e8561d6dfd34b8a4ba17b3f8aa623371) Importer(815301076,1909f56bfc062723c751e8b465ee728b)
Start importing Assets/Car.prefab using Guid(e8561d6dfd34b8a4ba17b3f8aa623371) Importer(815301076,1909f56bfc062723c751e8b465ee728b)  -> (artifact id: 'c274452dbaf5bfb34dfc487b594a6c8a') in 0.011185 seconds 
========================================================================
Received Import Request.
  Time since last request: 15.333258 seconds.
  path: Assets/Car.prefab
  artifactKey: Guid(e8561d6dfd34b8a4ba17b3f8aa623371) Importer(815301076,1909f56bfc062723c751e8b465ee728b)
Start importing Assets/Car.prefab using Guid(e8561d6dfd34b8a4ba17b3f8aa623371) Importer(815301076,1909f56bfc062723c751e8b465ee728b)  -> (artifact id: 'f6c76ba3faca7f3e82b8ba6f89805550') in 0.011299 seconds 
========================================================================
Received Import Request.
  Time since last request: 5.015732 seconds.
  path: Assets/Car.prefab
  artifactKey: Guid(e8561d6dfd34b8a4ba17b3f8aa623371) Importer(815301076,1909f56bfc062723c751e8b465ee728b)
Start importing Assets/Car.prefab using Guid(e8561d6dfd34b8a4ba17b3f8aa623371) Importer(815301076,1909f56bfc062723c751e8b465ee728b)  -> (artifact id: '1237c71d8e636e920d5c2c4356d152fa') in 0.011292 seconds 
========================================================================
Received Import Request.
  Time since last request: 3.208908 seconds.
  path: Assets/Car.prefab
  artifactKey: Guid(e8561d6dfd34b8a4ba17b3f8aa623371) Importer(815301076,1909f56bfc062723c751e8b465ee728b)
Start importing Assets/Car.prefab using Guid(e8561d6dfd34b8a4ba17b3f8aa623371) Importer(815301076,1909f56bfc062723c751e8b465ee728b)  -> (artifact id: '7407337dc4b793fa80d24d82b0b5327f') in 0.011909 seconds 
========================================================================
Received Import Request.
  Time since last request: 0.993032 seconds.
  path: Assets/Car.prefab
  artifactKey: Guid(e8561d6dfd34b8a4ba17b3f8aa623371) Importer(815301076,1909f56bfc062723c751e8b465ee728b)
Start importing Assets/Car.prefab using Guid(e8561d6dfd34b8a4ba17b3f8aa623371) Importer(815301076,1909f56bfc062723c751e8b465ee728b)  -> (artifact id: '59f25241b8debe11a8429974c6715186') in 0.012190 seconds 
========================================================================
Received Import Request.
  Time since last request: 0.788575 seconds.
  path: Assets/Car.prefab
  artifactKey: Guid(e8561d6dfd34b8a4ba17b3f8aa623371) Importer(815301076,1909f56bfc062723c751e8b465ee728b)
Start importing Assets/Car.prefab using Guid(e8561d6dfd34b8a4ba17b3f8aa623371) Importer(815301076,1909f56bfc062723c751e8b465ee728b)  -> (artifact id: 'a1b0b926a01e2e5e3976eecb74282b31') in 0.013089 seconds 
========================================================================
Received Import Request.
  Time since last request: 0.587600 seconds.
  path: Assets/Car.prefab
  artifactKey: Guid(e8561d6dfd34b8a4ba17b3f8aa623371) Importer(815301076,1909f56bfc062723c751e8b465ee728b)
Start importing Assets/Car.prefab using Guid(e8561d6dfd34b8a4ba17b3f8aa623371) Importer(815301076,1909f56bfc062723c751e8b465ee728b)  -> (artifact id: '1d32edc128e8fad30e60570ccced1ac0') in 0.012873 seconds 
========================================================================
Received Import Request.
  Time since last request: 2.193339 seconds.
  path: Assets/Car.prefab
  artifactKey: Guid(e8561d6dfd34b8a4ba17b3f8aa623371) Importer(815301076,1909f56bfc062723c751e8b465ee728b)
Start importing Assets/Car.prefab using Guid(e8561d6dfd34b8a4ba17b3f8aa623371) Importer(815301076,1909f56bfc062723c751e8b465ee728b)  -> (artifact id: '66c286c4cf7ab797bf8daa0f1e28d1cc') in 0.010053 seconds 
========================================================================
Received Import Request.
  Time since last request: 2.010464 seconds.
  path: Assets/Car.prefab
  artifactKey: Guid(e8561d6dfd34b8a4ba17b3f8aa623371) Importer(815301076,1909f56bfc062723c751e8b465ee728b)
Start importing Assets/Car.prefab using Guid(e8561d6dfd34b8a4ba17b3f8aa623371) Importer(815301076,1909f56bfc062723c751e8b465ee728b)  -> (artifact id: '2cd143406c44d09970f28e4e55c258cb') in 0.008232 seconds 
========================================================================
Received Import Request.
  Time since last request: 0.583462 seconds.
  path: Assets/Car.prefab
  artifactKey: Guid(e8561d6dfd34b8a4ba17b3f8aa623371) Importer(815301076,1909f56bfc062723c751e8b465ee728b)
Start importing Assets/Car.prefab using Guid(e8561d6dfd34b8a4ba17b3f8aa623371) Importer(815301076,1909f56bfc062723c751e8b465ee728b)  -> (artifact id: '8949d1b107f6b695d332a7abef84c331') in 0.014682 seconds 
========================================================================
Received Import Request.
  Time since last request: 0.986564 seconds.
  path: Assets/Car.prefab
  artifactKey: Guid(e8561d6dfd34b8a4ba17b3f8aa623371) Importer(815301076,1909f56bfc062723c751e8b465ee728b)
Start importing Assets/Car.prefab using Guid(e8561d6dfd34b8a4ba17b3f8aa623371) Importer(815301076,1909f56bfc062723c751e8b465ee728b)  -> (artifact id: '492cc6b18ee138e8f23c1841ca87822a') in 0.008655 seconds 
========================================================================
Received Import Request.
  Time since last request: 5.218079 seconds.
  path: Assets/Car.prefab
  artifactKey: Guid(e8561d6dfd34b8a4ba17b3f8aa623371) Importer(815301076,1909f56bfc062723c751e8b465ee728b)
Start importing Assets/Car.prefab using Guid(e8561d6dfd34b8a4ba17b3f8aa623371) Importer(815301076,1909f56bfc062723c751e8b465ee728b)  -> (artifact id: '6c2f44637bfeba3f65aba8e1c43ccac9') in 0.027426 seconds 
